<?xml version="1.0" encoding="UTF-8"?>
<!-- Generated by org.testng.reporters.JUnitReportReporter -->
<testsuite name="uHAPortal.tests.HomeTest" tests="2" time="117.411" ignored="19" failures="0" timestamp="13 Aug 2018 18:14:15 GMT" skipped="0" hostname="LH7U05CG6192ZF7" errors="0">
  <testcase name="TC_08" time="65.079" classname="uHAPortal.tests.HomeTest"/>
  <testcase name="Tc_02" time="52.332" classname="uHAPortal.tests.HomeTest"/>
  <testcase name="Tc_07" classname="uHAPortal.tests.HomeTest">
    <skipped/>
  </testcase> <!-- Tc_07 -->
  <testcase name="Tc_04" classname="uHAPortal.tests.HomeTest">
    <skipped/>
  </testcase> <!-- Tc_04 -->
  <testcase name="Tc_01" classname="uHAPortal.tests.HomeTest">
    <skipped/>
  </testcase> <!-- Tc_01 -->
  <testcase name="Tc_06" classname="uHAPortal.tests.HomeTest">
    <skipped/>
  </testcase> <!-- Tc_06 -->
  <testcase name="Tc_05" classname="uHAPortal.tests.HomeTest">
    <skipped/>
  </testcase> <!-- Tc_05 -->
  <testcase name="TC_21" classname="uHAPortal.tests.HomeTest">
    <skipped/>
  </testcase> <!-- TC_21 -->
  <testcase name="TC_10" classname="uHAPortal.tests.HomeTest">
    <skipped/>
  </testcase> <!-- TC_10 -->
  <testcase name="TC_20" classname="uHAPortal.tests.HomeTest">
    <skipped/>
  </testcase> <!-- TC_20 -->
  <testcase name="TC_22" classname="uHAPortal.tests.HomeTest">
    <skipped/>
  </testcase> <!-- TC_22 -->
  <testcase name="TC_11" classname="uHAPortal.tests.HomeTest">
    <skipped/>
  </testcase> <!-- TC_11 -->
  <testcase name="TC_14" classname="uHAPortal.tests.HomeTest">
    <skipped/>
  </testcase> <!-- TC_14 -->
  <testcase name="TC_13" classname="uHAPortal.tests.HomeTest">
    <skipped/>
  </testcase> <!-- TC_13 -->
  <testcase name="TC_15" classname="uHAPortal.tests.HomeTest">
    <skipped/>
  </testcase> <!-- TC_15 -->
  <testcase name="TC_18" classname="uHAPortal.tests.HomeTest">
    <skipped/>
  </testcase> <!-- TC_18 -->
  <testcase name="TC_17" classname="uHAPortal.tests.HomeTest">
    <skipped/>
  </testcase> <!-- TC_17 -->
  <testcase name="TC_12" classname="uHAPortal.tests.HomeTest">
    <skipped/>
  </testcase> <!-- TC_12 -->
  <testcase name="TC_19" classname="uHAPortal.tests.HomeTest">
    <skipped/>
  </testcase> <!-- TC_19 -->
  <testcase name="TC_16" classname="uHAPortal.tests.HomeTest">
    <skipped/>
  </testcase> <!-- TC_16 -->
  <testcase name="TC_09" classname="uHAPortal.tests.HomeTest">
    <skipped/>
  </testcase> <!-- TC_09 -->
</testsuite> <!-- uHAPortal.tests.HomeTest -->
