<?xml version="1.0" encoding="UTF-8"?>
<!-- Generated by org.testng.reporters.JUnitReportReporter -->
<testsuite name="uHAPortal.tests.LoginTest" tests="1" time="93.470" ignored="3" failures="0" timestamp="13 Aug 2018 16:38:08 GMT" skipped="0" hostname="LH7U05CG6192ZF7" errors="0">
  <testcase name="login" time="93.470" classname="uHAPortal.tests.LoginTest"/>
  <testcase name="TC2" classname="uHAPortal.tests.LoginTest">
    <skipped/>
  </testcase> <!-- TC2 -->
  <testcase name="TC1" classname="uHAPortal.tests.LoginTest">
    <skipped/>
  </testcase> <!-- TC1 -->
  <testcase name="TC3" classname="uHAPortal.tests.LoginTest">
    <skipped/>
  </testcase> <!-- TC3 -->
</testsuite> <!-- uHAPortal.tests.LoginTest -->
